 * Running on http://0.0.0.0:80/ (Press CTRL+C to quit)
 * Restarting with stat
/home/ubuntu/.local/lib/python2.7/site-packages/sklearn/cross_validation.py:44: DeprecationWarning: This module was deprecated in version 0.18 in favor of the model_selection module into which all the refactored classes and functions are moved. Also note that the interface of the new CV iterators are different from that of this module. This module will be removed in 0.20.
  "This module will be removed in 0.20.", DeprecationWarning)
/home/ubuntu/.local/lib/python2.7/site-packages/matplotlib/__init__.py:913: UserWarning: axes.color_cycle is deprecated and replaced with axes.prop_cycle; please use the latter.
  warnings.warn(self.msg_depr % (key, alt_key))
top features chosen 1
top features chosen 10
top features chosen 20
top features chosen 30
top features chosen 40
top features chosen 50
top features chosen 60
top features chosen 70
top features chosen 80
total process time18
208.107.211.208 - - [26/Jul/2017 19:46:51] "POST /result HTTP/1.1" 302 -
208.107.211.208 - - [26/Jul/2017 19:46:51] "GET /get_image HTTP/1.1" 200 -
208.107.211.208 - - [26/Jul/2017 19:47:56] "GET / HTTP/1.1" 200 -
208.107.211.208 - - [26/Jul/2017 19:47:58] "POST /result HTTP/1.1" 500 -
Traceback (most recent call last):
  File "/usr/lib/python2.7/dist-packages/flask/app.py", line 1836, in __call__
    return self.wsgi_app(environ, start_response)
  File "/usr/lib/python2.7/dist-packages/flask/app.py", line 1820, in wsgi_app
    response = self.make_response(self.handle_exception(e))
  File "/usr/lib/python2.7/dist-packages/flask/app.py", line 1403, in handle_exception
    reraise(exc_type, exc_value, tb)
  File "/usr/lib/python2.7/dist-packages/flask/app.py", line 1817, in wsgi_app
    response = self.full_dispatch_request()
  File "/usr/lib/python2.7/dist-packages/flask/app.py", line 1477, in full_dispatch_request
    rv = self.handle_user_exception(e)
  File "/usr/lib/python2.7/dist-packages/flask/app.py", line 1381, in handle_user_exception
    reraise(exc_type, exc_value, tb)
  File "/usr/lib/python2.7/dist-packages/flask/app.py", line 1475, in full_dispatch_request
    rv = self.dispatch_request()
  File "/usr/lib/python2.7/dist-packages/flask/app.py", line 1461, in dispatch_request
    return self.view_functions[rule.endpoint](**req.view_args)
  File "/home/ubuntu/LabTool1/preset.py", line 26, in result
    f.save(workdir)
  File "/usr/lib/python2.7/dist-packages/werkzeug/datastructures.py", line 2597, in save
    dst = open(dst, 'wb')
IOError: [Errno 21] Is a directory: u'/home/ubuntu/LabTool1/Input(LeaveOneOut)/'
208.107.211.208 - - [26/Jul/2017 19:47:58] "GET /result?__debugger__=yes&cmd=resource&f=style.css HTTP/1.1" 200 -
208.107.211.208 - - [26/Jul/2017 19:47:58] "GET /result?__debugger__=yes&cmd=resource&f=debugger.js HTTP/1.1" 200 -
208.107.211.208 - - [26/Jul/2017 19:47:58] "GET /result?__debugger__=yes&cmd=resource&f=jquery.js HTTP/1.1" 200 -
208.107.211.208 - - [26/Jul/2017 19:47:59] "GET /result?__debugger__=yes&cmd=resource&f=console.png HTTP/1.1" 200 -
208.107.211.208 - - [26/Jul/2017 19:47:59] "GET /result?__debugger__=yes&cmd=resource&f=source.png HTTP/1.1" 200 -
/home/ubuntu/.local/lib/python2.7/site-packages/sklearn/cross_validation.py:44: DeprecationWarning: This module was deprecated in version 0.18 in favor of the model_selection module into which all the refactored classes and functions are moved. Also note that the interface of the new CV iterators are different from that of this module. This module will be removed in 0.20.
  "This module will be removed in 0.20.", DeprecationWarning)
/home/ubuntu/.local/lib/python2.7/site-packages/matplotlib/__init__.py:913: UserWarning: axes.color_cycle is deprecated and replaced with axes.prop_cycle; please use the latter.
  warnings.warn(self.msg_depr % (key, alt_key))
top features chosen 1
top features chosen 10
top features chosen 20
top features chosen 30
top features chosen 40
top features chosen 50
top features chosen 60
top features chosen 70
top features chosen 80
total process time18
208.107.211.208 - - [26/Jul/2017 19:48:12] "POST /result HTTP/1.1" 302 -
208.107.211.208 - - [26/Jul/2017 19:48:12] "GET /get_image HTTP/1.1" 200 -
